{"D:\\projects\\individuais\\estoque-backend-turma-2026-1\\src\\entities\\Product.ts": {"path":"D:\\projects\\individuais\\estoque-backend-turma-2026-1\\src\\entities\\Product.ts","statementMap":{"0":{"start":{"line":7,"column":8},"end":{"line":7,"column":31}},"1":{"start":{"line":8,"column":8},"end":{"line":8,"column":25}},"2":{"start":{"line":9,"column":8},"end":{"line":9,"column":47}},"3":{"start":{"line":13,"column":8},"end":{"line":15,"column":9}},"4":{"start":{"line":14,"column":12},"end":{"line":14,"column":52}},"5":{"start":{"line":16,"column":8},"end":{"line":18,"column":9}},"6":{"start":{"line":17,"column":12},"end":{"line":17,"column":49}},"7":{"start":{"line":19,"column":32},"end":{"line":19,"column":33}},"8":{"start":{"line":20,"column":8},"end":{"line":20,"column":59}},"9":{"start":{"line":24,"column":8},"end":{"line":24,"column":28}},"10":{"start":{"line":28,"column":8},"end":{"line":28,"column":25}},"11":{"start":{"line":32,"column":8},"end":{"line":32,"column":36}},"12":{"start":{"line":1,"column":0},"end":{"line":1,"column":13}}},"fnMap":{"0":{"name":"(anonymous_0)","decl":{"start":{"line":6,"column":4},"end":{"line":6,"column":24}},"loc":{"start":{"line":6,"column":78},"end":{"line":10,"column":5}}},"1":{"name":"(anonymous_1)","decl":{"start":{"line":12,"column":11},"end":{"line":12,"column":17}},"loc":{"start":{"line":12,"column":54},"end":{"line":21,"column":5}}},"2":{"name":"(anonymous_2)","decl":{"start":{"line":23,"column":11},"end":{"line":23,"column":21}},"loc":{"start":{"line":23,"column":21},"end":{"line":25,"column":5}}},"3":{"name":"(anonymous_3)","decl":{"start":{"line":27,"column":11},"end":{"line":27,"column":18}},"loc":{"start":{"line":27,"column":18},"end":{"line":29,"column":5}}},"4":{"name":"(anonymous_4)","decl":{"start":{"line":31,"column":11},"end":{"line":31,"column":29}},"loc":{"start":{"line":31,"column":29},"end":{"line":33,"column":5}}}},"branchMap":{"0":{"loc":{"start":{"line":13,"column":8},"end":{"line":15,"column":9}},"type":"if","locations":[{"start":{"line":13,"column":8},"end":{"line":15,"column":9}}]},"1":{"loc":{"start":{"line":13,"column":12},"end":{"line":13,"column":45}},"type":"binary-expr","locations":[{"start":{"line":13,"column":12},"end":{"line":13,"column":20}},{"start":{"line":13,"column":24},"end":{"line":13,"column":45}}]},"2":{"loc":{"start":{"line":16,"column":8},"end":{"line":18,"column":9}},"type":"if","locations":[{"start":{"line":16,"column":8},"end":{"line":18,"column":9}}]},"3":{"loc":{"start":{"line":16,"column":12},"end":{"line":16,"column":39}},"type":"binary-expr","locations":[{"start":{"line":16,"column":12},"end":{"line":16,"column":17}},{"start":{"line":16,"column":21},"end":{"line":16,"column":39}}]}},"s":{"0":6,"1":6,"2":6,"3":10,"4":2,"5":8,"6":2,"7":6,"8":6,"9":1,"10":1,"11":1,"12":2},"f":{"0":6,"1":10,"2":1,"3":1,"4":1},"b":{"0":[2],"1":[10,9],"2":[2],"3":[8,7]}}
,"D:\\projects\\individuais\\estoque-backend-turma-2026-1\\src\\entities\\ProductOrder.ts": {"path":"D:\\projects\\individuais\\estoque-backend-turma-2026-1\\src\\entities\\ProductOrder.ts","statementMap":{"0":{"start":{"line":1,"column":0},"end":{"line":1,"column":36}},"1":{"start":{"line":15,"column":4},"end":{"line":15,"column":17}},"2":{"start":{"line":16,"column":4},"end":{"line":16,"column":27}},"3":{"start":{"line":17,"column":4},"end":{"line":17,"column":39}},"4":{"start":{"line":18,"column":4},"end":{"line":18,"column":31}},"5":{"start":{"line":26,"column":4},"end":{"line":28,"column":5}},"6":{"start":{"line":27,"column":6},"end":{"line":27,"column":74}},"7":{"start":{"line":30,"column":4},"end":{"line":32,"column":5}},"8":{"start":{"line":31,"column":6},"end":{"line":31,"column":76}},"9":{"start":{"line":34,"column":4},"end":{"line":36,"column":5}},"10":{"start":{"line":35,"column":6},"end":{"line":35,"column":77}},"11":{"start":{"line":38,"column":4},"end":{"line":40,"column":5}},"12":{"start":{"line":39,"column":6},"end":{"line":39,"column":67}},"13":{"start":{"line":42,"column":4},"end":{"line":44,"column":5}},"14":{"start":{"line":43,"column":6},"end":{"line":43,"column":61}},"15":{"start":{"line":46,"column":4},"end":{"line":51,"column":6}},"16":{"start":{"line":55,"column":4},"end":{"line":55,"column":35}},"17":{"start":{"line":59,"column":4},"end":{"line":59,"column":19}},"18":{"start":{"line":63,"column":4},"end":{"line":63,"column":24}},"19":{"start":{"line":67,"column":4},"end":{"line":67,"column":30}},"20":{"start":{"line":71,"column":4},"end":{"line":71,"column":26}},"21":{"start":{"line":75,"column":4},"end":{"line":78,"column":33}},"22":{"start":{"line":3,"column":0},"end":{"line":3,"column":13}}},"fnMap":{"0":{"name":"(anonymous_0)","decl":{"start":{"line":9,"column":2},"end":{"line":9,"column":null}},"loc":{"start":{"line":13,"column":21},"end":{"line":19,"column":3}}},"1":{"name":"(anonymous_1)","decl":{"start":{"line":21,"column":9},"end":{"line":21,"column":15}},"loc":{"start":{"line":24,"column":19},"end":{"line":52,"column":3}}},"2":{"name":"(anonymous_2)","decl":{"start":{"line":54,"column":10},"end":{"line":54,"column":16}},"loc":{"start":{"line":54,"column":40},"end":{"line":56,"column":3}}},"3":{"name":"(anonymous_3)","decl":{"start":{"line":58,"column":9},"end":{"line":58,"column":14}},"loc":{"start":{"line":58,"column":14},"end":{"line":60,"column":3}}},"4":{"name":"(anonymous_4)","decl":{"start":{"line":62,"column":9},"end":{"line":62,"column":19}},"loc":{"start":{"line":62,"column":19},"end":{"line":64,"column":3}}},"5":{"name":"(anonymous_5)","decl":{"start":{"line":66,"column":9},"end":{"line":66,"column":25}},"loc":{"start":{"line":66,"column":25},"end":{"line":68,"column":3}}},"6":{"name":"(anonymous_6)","decl":{"start":{"line":70,"column":9},"end":{"line":70,"column":21}},"loc":{"start":{"line":70,"column":21},"end":{"line":72,"column":3}}},"7":{"name":"(anonymous_7)","decl":{"start":{"line":74,"column":9},"end":{"line":74,"column":15}},"loc":{"start":{"line":74,"column":47},"end":{"line":79,"column":3}}}},"branchMap":{"0":{"loc":{"start":{"line":26,"column":4},"end":{"line":28,"column":5}},"type":"if","locations":[{"start":{"line":26,"column":4},"end":{"line":28,"column":5}}]},"1":{"loc":{"start":{"line":30,"column":4},"end":{"line":32,"column":5}},"type":"if","locations":[{"start":{"line":30,"column":4},"end":{"line":32,"column":5}}]},"2":{"loc":{"start":{"line":30,"column":8},"end":{"line":30,"column":65}},"type":"binary-expr","locations":[{"start":{"line":30,"column":8},"end":{"line":30,"column":41}},{"start":{"line":30,"column":45},"end":{"line":30,"column":65}}]},"3":{"loc":{"start":{"line":34,"column":4},"end":{"line":36,"column":5}},"type":"if","locations":[{"start":{"line":34,"column":4},"end":{"line":36,"column":5}}]},"4":{"loc":{"start":{"line":38,"column":4},"end":{"line":40,"column":5}},"type":"if","locations":[{"start":{"line":38,"column":4},"end":{"line":40,"column":5}}]},"5":{"loc":{"start":{"line":42,"column":4},"end":{"line":44,"column":5}},"type":"if","locations":[{"start":{"line":42,"column":4},"end":{"line":44,"column":5}}]}},"s":{"0":1,"1":1,"2":1,"3":1,"4":1,"5":6,"6":1,"7":5,"8":1,"9":4,"10":1,"11":3,"12":1,"13":2,"14":1,"15":1,"16":4,"17":1,"18":1,"19":1,"20":1,"21":2,"22":1},"f":{"0":1,"1":6,"2":4,"3":1,"4":1,"5":1,"6":1,"7":2},"b":{"0":[1],"1":[1],"2":[5,4],"3":[1],"4":[1],"5":[1]}}
}
