TN:
SF:src\entities\Product.ts
FN:6,(anonymous_0)
FN:12,(anonymous_1)
FN:23,(anonymous_2)
FN:27,(anonymous_3)
FN:31,(anonymous_4)
FNF:5
FNH:5
FNDA:6,(anonymous_0)
FNDA:10,(anonymous_1)
FNDA:1,(anonymous_2)
FNDA:1,(anonymous_3)
FNDA:1,(anonymous_4)
DA:1,2
DA:7,6
DA:8,6
DA:9,6
DA:13,10
DA:14,2
DA:16,8
DA:17,2
DA:19,6
DA:20,6
DA:24,1
DA:28,1
DA:32,1
LF:13
LH:13
BRDA:13,0,0,2
BRDA:13,1,0,10
BRDA:13,1,1,9
BRDA:16,2,0,2
BRDA:16,3,0,8
BRDA:16,3,1,7
BRF:6
BRH:6
end_of_record
TN:
SF:src\entities\ProductOrder.ts
FN:9,(anonymous_0)
FN:21,(anonymous_1)
FN:54,(anonymous_2)
FN:58,(anonymous_3)
FN:62,(anonymous_4)
FN:66,(anonymous_5)
FN:70,(anonymous_6)
FN:74,(anonymous_7)
FNF:8
FNH:8
FNDA:1,(anonymous_0)
FNDA:6,(anonymous_1)
FNDA:4,(anonymous_2)
FNDA:1,(anonymous_3)
FNDA:1,(anonymous_4)
FNDA:1,(anonymous_5)
FNDA:1,(anonymous_6)
FNDA:2,(anonymous_7)
DA:1,1
DA:3,1
DA:15,1
DA:16,1
DA:17,1
DA:18,1
DA:26,6
DA:27,1
DA:30,5
DA:31,1
DA:34,4
DA:35,1
DA:38,3
DA:39,1
DA:42,2
DA:43,1
DA:46,1
DA:55,4
DA:59,1
DA:63,1
DA:67,1
DA:71,1
DA:75,2
LF:23
LH:23
BRDA:26,0,0,1
BRDA:30,1,0,1
BRDA:30,2,0,5
BRDA:30,2,1,4
BRDA:34,3,0,1
BRDA:38,4,0,1
BRDA:42,5,0,1
BRF:7
BRH:7
end_of_record
