TN:
SF:src/entities/Product.ts
FN:6,(anonymous_0)
FN:12,(anonymous_1)
FN:23,(anonymous_2)
FN:27,(anonymous_3)
FN:31,(anonymous_4)
FN:35,(anonymous_5)
FNF:6
FNH:6
FNDA:8,(anonymous_0)
FNDA:5,(anonymous_1)
FNDA:7,(anonymous_2)
FNDA:2,(anonymous_3)
FNDA:2,(anonymous_4)
FNDA:2,(anonymous_5)
DA:1,2
DA:7,8
DA:8,8
DA:9,8
DA:13,5
DA:14,2
DA:16,3
DA:17,2
DA:19,1
DA:20,1
DA:24,7
DA:28,2
DA:32,2
DA:36,2
LF:14
LH:14
BRDA:13,0,0,2
BRDA:13,1,0,5
BRDA:13,1,1,4
BRDA:16,2,0,2
BRDA:16,3,0,3
BRDA:16,3,1,2
BRF:6
BRH:6
end_of_record
TN:
SF:src/entities/ProductOrder.ts
FN:9,(anonymous_0)
FN:16,(anonymous_1)
FN:41,(anonymous_2)
FN:45,(anonymous_3)
FN:49,(anonymous_4)
FN:53,(anonymous_5)
FN:57,(anonymous_6)
FN:61,(anonymous_7)
FNF:8
FNH:8
FNDA:2,(anonymous_0)
FNDA:7,(anonymous_1)
FNDA:6,(anonymous_2)
FNDA:1,(anonymous_3)
FNDA:1,(anonymous_4)
FNDA:1,(anonymous_5)
FNDA:1,(anonymous_6)
FNDA:1,(anonymous_7)
DA:1,1
DA:3,1
DA:10,2
DA:11,2
DA:12,2
DA:13,2
DA:17,7
DA:18,1
DA:21,6
DA:22,2
DA:25,4
DA:26,1
DA:29,3
DA:30,1
DA:33,2
DA:42,6
DA:46,1
DA:50,1
DA:54,1
DA:58,1
DA:62,1
LF:21
LH:21
BRDA:17,0,0,1
BRDA:21,1,0,2
BRDA:25,2,0,1
BRDA:29,3,0,1
BRF:4
BRH:4
end_of_record
